{"I:\\Users\\timtr\\Documents\\GitHub\\GymTrackerWeb\\gym-progress-tracker\\frontend\\src\\components\\common\\FormElements.jsx": {"path":"I:\\Users\\timtr\\Documents\\GitHub\\GymTrackerWeb\\gym-progress-tracker\\frontend\\src\\components\\common\\FormElements.jsx","statementMap":{"0":{"start":{"line":24,"column":25},"end":{"line":39,"column":1}},"1":{"start":{"line":25,"column":4},"end":{"line":38,"column":10}},"2":{"start":{"line":41,"column":0},"end":{"line":46,"column":2}},"3":{"start":{"line":57,"column":24},"end":{"line":73,"column":1}},"4":{"start":{"line":58,"column":4},"end":{"line":72,"column":10}},"5":{"start":{"line":75,"column":0},"end":{"line":80,"column":2}},"6":{"start":{"line":93,"column":27},"end":{"line":115,"column":1}},"7":{"start":{"line":94,"column":4},"end":{"line":114,"column":10}},"8":{"start":{"line":106,"column":16},"end":{"line":108,"column":25}},"9":{"start":{"line":117,"column":0},"end":{"line":129,"column":2}},"10":{"start":{"line":138,"column":29},"end":{"line":151,"column":1}},"11":{"start":{"line":139,"column":4},"end":{"line":150,"column":10}},"12":{"start":{"line":153,"column":0},"end":{"line":156,"column":2}},"13":{"start":{"line":166,"column":26},"end":{"line":179,"column":1}},"14":{"start":{"line":167,"column":4},"end":{"line":178,"column":10}},"15":{"start":{"line":181,"column":0},"end":{"line":185,"column":2}}},"fnMap":{"0":{"name":"(anonymous_0)","decl":{"start":{"line":24,"column":25},"end":{"line":24,"column":26}},"loc":{"start":{"line":25,"column":4},"end":{"line":38,"column":10}},"line":25},"1":{"name":"(anonymous_1)","decl":{"start":{"line":57,"column":24},"end":{"line":57,"column":25}},"loc":{"start":{"line":58,"column":4},"end":{"line":72,"column":10}},"line":58},"2":{"name":"(anonymous_2)","decl":{"start":{"line":93,"column":27},"end":{"line":93,"column":28}},"loc":{"start":{"line":94,"column":4},"end":{"line":114,"column":10}},"line":94},"3":{"name":"(anonymous_3)","decl":{"start":{"line":105,"column":25},"end":{"line":105,"column":26}},"loc":{"start":{"line":106,"column":16},"end":{"line":108,"column":25}},"line":106},"4":{"name":"(anonymous_4)","decl":{"start":{"line":138,"column":29},"end":{"line":138,"column":30}},"loc":{"start":{"line":139,"column":4},"end":{"line":150,"column":10}},"line":139},"5":{"name":"(anonymous_5)","decl":{"start":{"line":166,"column":26},"end":{"line":166,"column":27}},"loc":{"start":{"line":167,"column":4},"end":{"line":178,"column":10}},"line":167}},"branchMap":{"0":{"loc":{"start":{"line":24,"column":39},"end":{"line":24,"column":55}},"type":"default-arg","locations":[{"start":{"line":24,"column":50},"end":{"line":24,"column":55}}],"line":24},"1":{"loc":{"start":{"line":27,"column":21},"end":{"line":27,"column":72}},"type":"binary-expr","locations":[{"start":{"line":27,"column":21},"end":{"line":27,"column":29}},{"start":{"line":27,"column":33},"end":{"line":27,"column":72}}],"line":27},"2":{"loc":{"start":{"line":32,"column":50},"end":{"line":32,"column":94}},"type":"cond-expr","locations":[{"start":{"line":32,"column":58},"end":{"line":32,"column":74}},{"start":{"line":32,"column":77},"end":{"line":32,"column":94}}],"line":32},"3":{"loc":{"start":{"line":35,"column":9},"end":{"line":37,"column":9}},"type":"binary-expr","locations":[{"start":{"line":35,"column":9},"end":{"line":35,"column":14}},{"start":{"line":36,"column":12},"end":{"line":36,"column":64}}],"line":35},"4":{"loc":{"start":{"line":57,"column":38},"end":{"line":57,"column":46}},"type":"default-arg","locations":[{"start":{"line":57,"column":45},"end":{"line":57,"column":46}}],"line":57},"5":{"loc":{"start":{"line":66,"column":50},"end":{"line":66,"column":94}},"type":"cond-expr","locations":[{"start":{"line":66,"column":58},"end":{"line":66,"column":74}},{"start":{"line":66,"column":77},"end":{"line":66,"column":94}}],"line":66},"6":{"loc":{"start":{"line":69,"column":9},"end":{"line":71,"column":9}},"type":"binary-expr","locations":[{"start":{"line":69,"column":9},"end":{"line":69,"column":14}},{"start":{"line":70,"column":12},"end":{"line":70,"column":64}}],"line":69},"7":{"loc":{"start":{"line":93,"column":50},"end":{"line":93,"column":66}},"type":"default-arg","locations":[{"start":{"line":93,"column":61},"end":{"line":93,"column":66}}],"line":93},"8":{"loc":{"start":{"line":96,"column":21},"end":{"line":96,"column":72}},"type":"binary-expr","locations":[{"start":{"line":96,"column":21},"end":{"line":96,"column":29}},{"start":{"line":96,"column":33},"end":{"line":96,"column":72}}],"line":96},"9":{"loc":{"start":{"line":101,"column":50},"end":{"line":101,"column":94}},"type":"cond-expr","locations":[{"start":{"line":101,"column":58},"end":{"line":101,"column":74}},{"start":{"line":101,"column":77},"end":{"line":101,"column":94}}],"line":101},"10":{"loc":{"start":{"line":104,"column":30},"end":{"line":104,"column":62}},"type":"binary-expr","locations":[{"start":{"line":104,"column":30},"end":{"line":104,"column":41}},{"start":{"line":104,"column":45},"end":{"line":104,"column":62}}],"line":104},"11":{"loc":{"start":{"line":111,"column":9},"end":{"line":113,"column":9}},"type":"binary-expr","locations":[{"start":{"line":111,"column":9},"end":{"line":111,"column":14}},{"start":{"line":112,"column":12},"end":{"line":112,"column":64}}],"line":111},"12":{"loc":{"start":{"line":177,"column":9},"end":{"line":177,"column":77}},"type":"binary-expr","locations":[{"start":{"line":177,"column":9},"end":{"line":177,"column":17}},{"start":{"line":177,"column":21},"end":{"line":177,"column":77}}],"line":177}},"s":{"0":1,"1":2,"2":1,"3":1,"4":0,"5":1,"6":1,"7":0,"8":0,"9":1,"10":1,"11":0,"12":1,"13":1,"14":0,"15":1},"f":{"0":2,"1":0,"2":0,"3":0,"4":0,"5":0},"b":{"0":[2],"1":[2,0],"2":[1,1],"3":[2,1],"4":[0],"5":[0,0],"6":[0,0],"7":[0],"8":[0,0],"9":[0,0],"10":[0,0],"11":[0,0],"12":[0,0]},"_coverageSchema":"1a1c01bbd47fc00a2c39e90264f33305004495a9","hash":"bfdfde160ca976c3e6e7e665bd818e46e8a01fe1"}
,"I:\\Users\\timtr\\Documents\\GitHub\\GymTrackerWeb\\gym-progress-tracker\\frontend\\src\\components\\features\\exercises\\ExerciseCategoryCard.jsx": {"path":"I:\\Users\\timtr\\Documents\\GitHub\\GymTrackerWeb\\gym-progress-tracker\\frontend\\src\\components\\features\\exercises\\ExerciseCategoryCard.jsx","statementMap":{"0":{"start":{"line":20,"column":29},"end":{"line":84,"column":1}},"1":{"start":{"line":28,"column":25},"end":{"line":63,"column":5}},"2":{"start":{"line":30,"column":22},"end":{"line":60,"column":9}},"3":{"start":{"line":62,"column":8},"end":{"line":62,"column":44}},"4":{"start":{"line":66,"column":24},"end":{"line":69,"column":5}},"5":{"start":{"line":67,"column":8},"end":{"line":67,"column":27}},"6":{"start":{"line":68,"column":8},"end":{"line":68,"column":37}},"7":{"start":{"line":71,"column":4},"end":{"line":83,"column":6}},"8":{"start":{"line":87,"column":0},"end":{"line":93,"column":2}}},"fnMap":{"0":{"name":"(anonymous_0)","decl":{"start":{"line":20,"column":29},"end":{"line":20,"column":30}},"loc":{"start":{"line":26,"column":6},"end":{"line":84,"column":1}},"line":26},"1":{"name":"(anonymous_1)","decl":{"start":{"line":28,"column":25},"end":{"line":28,"column":26}},"loc":{"start":{"line":28,"column":42},"end":{"line":63,"column":5}},"line":28},"2":{"name":"(anonymous_2)","decl":{"start":{"line":66,"column":24},"end":{"line":66,"column":25}},"loc":{"start":{"line":66,"column":31},"end":{"line":69,"column":5}},"line":66}},"branchMap":{"0":{"loc":{"start":{"line":25,"column":4},"end":{"line":25,"column":24}},"type":"default-arg","locations":[{"start":{"line":25,"column":18},"end":{"line":25,"column":24}}],"line":25},"1":{"loc":{"start":{"line":62,"column":15},"end":{"line":62,"column":43}},"type":"binary-expr","locations":[{"start":{"line":62,"column":15},"end":{"line":62,"column":29}},{"start":{"line":62,"column":33},"end":{"line":62,"column":43}}],"line":62}},"s":{"0":1,"1":2,"2":2,"3":2,"4":2,"5":1,"6":1,"7":2,"8":1},"f":{"0":2,"1":2,"2":1},"b":{"0":[2],"1":[2,0]},"_coverageSchema":"1a1c01bbd47fc00a2c39e90264f33305004495a9","hash":"4e2b7b806f59898667dac1a47294e14ed8502437"}
,"I:\\Users\\timtr\\Documents\\GitHub\\GymTrackerWeb\\gym-progress-tracker\\frontend\\src\\hooks\\useAvatar.js": {"path":"I:\\Users\\timtr\\Documents\\GitHub\\GymTrackerWeb\\gym-progress-tracker\\frontend\\src\\hooks\\useAvatar.js","statementMap":{"0":{"start":{"line":9,"column":18},"end":{"line":167,"column":1}},"1":{"start":{"line":10,"column":30},"end":{"line":10,"column":44}},"2":{"start":{"line":11,"column":32},"end":{"line":11,"column":46}},"3":{"start":{"line":12,"column":28},"end":{"line":12,"column":42}},"4":{"start":{"line":13,"column":40},"end":{"line":13,"column":55}},"5":{"start":{"line":19,"column":22},"end":{"line":31,"column":3}},"6":{"start":{"line":20,"column":4},"end":{"line":30,"column":5}},"7":{"start":{"line":21,"column":6},"end":{"line":21,"column":23}},"8":{"start":{"line":22,"column":6},"end":{"line":22,"column":21}},"9":{"start":{"line":23,"column":19},"end":{"line":23,"column":54}},"10":{"start":{"line":24,"column":6},"end":{"line":24,"column":22}},"11":{"start":{"line":26,"column":6},"end":{"line":26,"column":51}},"12":{"start":{"line":27,"column":6},"end":{"line":27,"column":45}},"13":{"start":{"line":29,"column":6},"end":{"line":29,"column":24}},"14":{"start":{"line":38,"column":24},"end":{"line":56,"column":3}},"15":{"start":{"line":39,"column":4},"end":{"line":55,"column":5}},"16":{"start":{"line":40,"column":6},"end":{"line":40,"column":23}},"17":{"start":{"line":41,"column":51},"end":{"line":41,"column":92}},"18":{"start":{"line":42,"column":6},"end":{"line":42,"column":31}},"19":{"start":{"line":44,"column":6},"end":{"line":47,"column":7}},"20":{"start":{"line":45,"column":8},"end":{"line":45,"column":29}},"21":{"start":{"line":46,"column":8},"end":{"line":46,"column":20}},"22":{"start":{"line":48,"column":6},"end":{"line":48,"column":19}},"23":{"start":{"line":50,"column":6},"end":{"line":50,"column":53}},"24":{"start":{"line":51,"column":6},"end":{"line":51,"column":50}},"25":{"start":{"line":52,"column":6},"end":{"line":52,"column":19}},"26":{"start":{"line":54,"column":6},"end":{"line":54,"column":24}},"27":{"start":{"line":62,"column":22},"end":{"line":99,"column":3}},"28":{"start":{"line":63,"column":4},"end":{"line":98,"column":5}},"29":{"start":{"line":64,"column":6},"end":{"line":64,"column":26}},"30":{"start":{"line":64,"column":19},"end":{"line":64,"column":26}},"31":{"start":{"line":66,"column":6},"end":{"line":73,"column":7}},"32":{"start":{"line":67,"column":8},"end":{"line":67,"column":25}},"33":{"start":{"line":70,"column":8},"end":{"line":70,"column":29}},"34":{"start":{"line":71,"column":8},"end":{"line":71,"column":26}},"35":{"start":{"line":72,"column":8},"end":{"line":72,"column":15}},"36":{"start":{"line":74,"column":27},"end":{"line":74,"column":40}},"37":{"start":{"line":75,"column":6},"end":{"line":85,"column":7}},"38":{"start":{"line":76,"column":8},"end":{"line":76,"column":56}},"39":{"start":{"line":77,"column":13},"end":{"line":85,"column":7}},"40":{"start":{"line":78,"column":8},"end":{"line":78,"column":55}},"41":{"start":{"line":79,"column":13},"end":{"line":85,"column":7}},"42":{"start":{"line":80,"column":8},"end":{"line":80,"column":63}},"43":{"start":{"line":81,"column":13},"end":{"line":85,"column":7}},"44":{"start":{"line":82,"column":8},"end":{"line":82,"column":77}},"45":{"start":{"line":83,"column":13},"end":{"line":85,"column":7}},"46":{"start":{"line":84,"column":8},"end":{"line":84,"column":77}},"47":{"start":{"line":87,"column":6},"end":{"line":87,"column":69}},"48":{"start":{"line":88,"column":6},"end":{"line":88,"column":69}},"49":{"start":{"line":89,"column":6},"end":{"line":89,"column":23}},"50":{"start":{"line":90,"column":28},"end":{"line":90,"column":79}},"51":{"start":{"line":91,"column":6},"end":{"line":91,"column":31}},"52":{"start":{"line":92,"column":6},"end":{"line":92,"column":28}},"53":{"start":{"line":94,"column":6},"end":{"line":94,"column":50}},"54":{"start":{"line":95,"column":6},"end":{"line":95,"column":48}},"55":{"start":{"line":97,"column":6},"end":{"line":97,"column":24}},"56":{"start":{"line":106,"column":26},"end":{"line":117,"column":3}},"57":{"start":{"line":107,"column":4},"end":{"line":116,"column":5}},"58":{"start":{"line":108,"column":6},"end":{"line":108,"column":23}},"59":{"start":{"line":109,"column":28},"end":{"line":109,"column":70}},"60":{"start":{"line":110,"column":6},"end":{"line":110,"column":31}},"61":{"start":{"line":112,"column":6},"end":{"line":112,"column":55}},"62":{"start":{"line":113,"column":6},"end":{"line":113,"column":46}},"63":{"start":{"line":115,"column":6},"end":{"line":115,"column":24}},"64":{"start":{"line":122,"column":26},"end":{"line":148,"column":3}},"65":{"start":{"line":123,"column":4},"end":{"line":123,"column":24}},"66":{"start":{"line":123,"column":17},"end":{"line":123,"column":24}},"67":{"start":{"line":124,"column":20},"end":{"line":124,"column":25}},"68":{"start":{"line":127,"column":4},"end":{"line":145,"column":5}},"69":{"start":{"line":128,"column":6},"end":{"line":128,"column":23}},"70":{"start":{"line":129,"column":6},"end":{"line":144,"column":7}},"71":{"start":{"line":131,"column":65},"end":{"line":131,"column":101}},"72":{"start":{"line":132,"column":8},"end":{"line":132,"column":33}},"73":{"start":{"line":135,"column":8},"end":{"line":138,"column":9}},"74":{"start":{"line":136,"column":10},"end":{"line":136,"column":31}},"75":{"start":{"line":137,"column":10},"end":{"line":137,"column":27}},"76":{"start":{"line":140,"column":8},"end":{"line":140,"column":58}},"77":{"start":{"line":141,"column":8},"end":{"line":141,"column":47}},"78":{"start":{"line":143,"column":8},"end":{"line":143,"column":26}},"79":{"start":{"line":147,"column":4},"end":{"line":147,"column":21}},"80":{"start":{"line":151,"column":2},"end":{"line":153,"column":9}},"81":{"start":{"line":152,"column":4},"end":{"line":152,"column":18}},"82":{"start":{"line":155,"column":2},"end":{"line":166,"column":4}}},"fnMap":{"0":{"name":"(anonymous_0)","decl":{"start":{"line":9,"column":18},"end":{"line":9,"column":19}},"loc":{"start":{"line":9,"column":24},"end":{"line":167,"column":1}},"line":9},"1":{"name":"(anonymous_1)","decl":{"start":{"line":19,"column":22},"end":{"line":19,"column":23}},"loc":{"start":{"line":19,"column":34},"end":{"line":31,"column":3}},"line":19},"2":{"name":"(anonymous_2)","decl":{"start":{"line":38,"column":24},"end":{"line":38,"column":25}},"loc":{"start":{"line":38,"column":42},"end":{"line":56,"column":3}},"line":38},"3":{"name":"(anonymous_3)","decl":{"start":{"line":62,"column":22},"end":{"line":62,"column":23}},"loc":{"start":{"line":62,"column":42},"end":{"line":99,"column":3}},"line":62},"4":{"name":"(anonymous_4)","decl":{"start":{"line":106,"column":26},"end":{"line":106,"column":27}},"loc":{"start":{"line":106,"column":43},"end":{"line":117,"column":3}},"line":106},"5":{"name":"(anonymous_5)","decl":{"start":{"line":122,"column":26},"end":{"line":122,"column":27}},"loc":{"start":{"line":122,"column":38},"end":{"line":148,"column":3}},"line":122},"6":{"name":"(anonymous_6)","decl":{"start":{"line":151,"column":12},"end":{"line":151,"column":13}},"loc":{"start":{"line":151,"column":18},"end":{"line":153,"column":3}},"line":151}},"branchMap":{"0":{"loc":{"start":{"line":44,"column":6},"end":{"line":47,"column":7}},"type":"if","locations":[{"start":{"line":44,"column":6},"end":{"line":47,"column":7}},{"start":{},"end":{}}],"line":44},"1":{"loc":{"start":{"line":64,"column":6},"end":{"line":64,"column":26}},"type":"if","locations":[{"start":{"line":64,"column":6},"end":{"line":64,"column":26}},{"start":{},"end":{}}],"line":64},"2":{"loc":{"start":{"line":66,"column":6},"end":{"line":73,"column":7}},"type":"if","locations":[{"start":{"line":66,"column":6},"end":{"line":73,"column":7}},{"start":{},"end":{}}],"line":66},"3":{"loc":{"start":{"line":75,"column":6},"end":{"line":85,"column":7}},"type":"if","locations":[{"start":{"line":75,"column":6},"end":{"line":85,"column":7}},{"start":{"line":77,"column":13},"end":{"line":85,"column":7}}],"line":75},"4":{"loc":{"start":{"line":76,"column":27},"end":{"line":76,"column":48}},"type":"binary-expr","locations":[{"start":{"line":76,"column":27},"end":{"line":76,"column":42}},{"start":{"line":76,"column":46},"end":{"line":76,"column":48}}],"line":76},"5":{"loc":{"start":{"line":77,"column":13},"end":{"line":85,"column":7}},"type":"if","locations":[{"start":{"line":77,"column":13},"end":{"line":85,"column":7}},{"start":{"line":79,"column":13},"end":{"line":85,"column":7}}],"line":77},"6":{"loc":{"start":{"line":78,"column":27},"end":{"line":78,"column":47}},"type":"binary-expr","locations":[{"start":{"line":78,"column":27},"end":{"line":78,"column":42}},{"start":{"line":78,"column":46},"end":{"line":78,"column":47}}],"line":78},"7":{"loc":{"start":{"line":79,"column":13},"end":{"line":85,"column":7}},"type":"if","locations":[{"start":{"line":79,"column":13},"end":{"line":85,"column":7}},{"start":{"line":81,"column":13},"end":{"line":85,"column":7}}],"line":79},"8":{"loc":{"start":{"line":80,"column":31},"end":{"line":80,"column":55}},"type":"binary-expr","locations":[{"start":{"line":80,"column":31},"end":{"line":80,"column":50}},{"start":{"line":80,"column":54},"end":{"line":80,"column":55}}],"line":80},"9":{"loc":{"start":{"line":81,"column":13},"end":{"line":85,"column":7}},"type":"if","locations":[{"start":{"line":81,"column":13},"end":{"line":85,"column":7}},{"start":{"line":83,"column":13},"end":{"line":85,"column":7}}],"line":81},"10":{"loc":{"start":{"line":82,"column":45},"end":{"line":82,"column":70}},"type":"binary-expr","locations":[{"start":{"line":82,"column":45},"end":{"line":82,"column":65}},{"start":{"line":82,"column":69},"end":{"line":82,"column":70}}],"line":82},"11":{"loc":{"start":{"line":83,"column":13},"end":{"line":85,"column":7}},"type":"if","locations":[{"start":{"line":83,"column":13},"end":{"line":85,"column":7}},{"start":{},"end":{}}],"line":83},"12":{"loc":{"start":{"line":84,"column":45},"end":{"line":84,"column":70}},"type":"binary-expr","locations":[{"start":{"line":84,"column":45},"end":{"line":84,"column":65}},{"start":{"line":84,"column":69},"end":{"line":84,"column":70}}],"line":84},"13":{"loc":{"start":{"line":87,"column":42},"end":{"line":87,"column":67}},"type":"binary-expr","locations":[{"start":{"line":87,"column":42},"end":{"line":87,"column":62}},{"start":{"line":87,"column":66},"end":{"line":87,"column":67}}],"line":87},"14":{"loc":{"start":{"line":88,"column":42},"end":{"line":88,"column":67}},"type":"binary-expr","locations":[{"start":{"line":88,"column":42},"end":{"line":88,"column":62}},{"start":{"line":88,"column":66},"end":{"line":88,"column":67}}],"line":88},"15":{"loc":{"start":{"line":123,"column":4},"end":{"line":123,"column":24}},"type":"if","locations":[{"start":{"line":123,"column":4},"end":{"line":123,"column":24}},{"start":{},"end":{}}],"line":123},"16":{"loc":{"start":{"line":127,"column":4},"end":{"line":145,"column":5}},"type":"if","locations":[{"start":{"line":127,"column":4},"end":{"line":145,"column":5}},{"start":{},"end":{}}],"line":127},"17":{"loc":{"start":{"line":135,"column":8},"end":{"line":138,"column":9}},"type":"if","locations":[{"start":{"line":135,"column":8},"end":{"line":138,"column":9}},{"start":{},"end":{}}],"line":135},"18":{"loc":{"start":{"line":135,"column":12},"end":{"line":135,"column":57}},"type":"binary-expr","locations":[{"start":{"line":135,"column":12},"end":{"line":135,"column":22}},{"start":{"line":135,"column":26},"end":{"line":135,"column":57}}],"line":135}},"s":{"0":1,"1":0,"2":0,"3":0,"4":0,"5":0,"6":0,"7":0,"8":0,"9":0,"10":0,"11":0,"12":0,"13":0,"14":0,"15":0,"16":0,"17":0,"18":0,"19":0,"20":0,"21":0,"22":0,"23":0,"24":0,"25":0,"26":0,"27":0,"28":0,"29":0,"30":0,"31":0,"32":0,"33":0,"34":0,"35":0,"36":0,"37":0,"38":0,"39":0,"40":0,"41":0,"42":0,"43":0,"44":0,"45":0,"46":0,"47":0,"48":0,"49":0,"50":0,"51":0,"52":0,"53":0,"54":0,"55":0,"56":0,"57":0,"58":0,"59":0,"60":0,"61":0,"62":0,"63":0,"64":0,"65":0,"66":0,"67":0,"68":0,"69":0,"70":0,"71":0,"72":0,"73":0,"74":0,"75":0,"76":0,"77":0,"78":0,"79":0,"80":0,"81":0,"82":0},"f":{"0":0,"1":0,"2":0,"3":0,"4":0,"5":0,"6":0},"b":{"0":[0,0],"1":[0,0],"2":[0,0],"3":[0,0],"4":[0,0],"5":[0,0],"6":[0,0],"7":[0,0],"8":[0,0],"9":[0,0],"10":[0,0],"11":[0,0],"12":[0,0],"13":[0,0],"14":[0,0],"15":[0,0],"16":[0,0],"17":[0,0],"18":[0,0]},"_coverageSchema":"1a1c01bbd47fc00a2c39e90264f33305004495a9","hash":"b51cbfc475fe0d3124fa9355b83925ef9f5608ba"}
,"I:\\Users\\timtr\\Documents\\GitHub\\GymTrackerWeb\\gym-progress-tracker\\frontend\\src\\hooks\\useForm.js": {"path":"I:\\Users\\timtr\\Documents\\GitHub\\GymTrackerWeb\\gym-progress-tracker\\frontend\\src\\hooks\\useForm.js","statementMap":{"0":{"start":{"line":11,"column":23},"end":{"line":107,"column":1}},"1":{"start":{"line":11,"column":64},"end":{"line":11,"column":93}},"2":{"start":{"line":13,"column":30},"end":{"line":13,"column":53}},"3":{"start":{"line":14,"column":30},"end":{"line":14,"column":42}},"4":{"start":{"line":15,"column":32},"end":{"line":15,"column":44}},"5":{"start":{"line":16,"column":42},"end":{"line":16,"column":57}},"6":{"start":{"line":22,"column":23},"end":{"line":29,"column":8}},"7":{"start":{"line":23,"column":43},"end":{"line":23,"column":51}},"8":{"start":{"line":24,"column":23},"end":{"line":24,"column":60}},"9":{"start":{"line":25,"column":4},"end":{"line":28,"column":8}},"10":{"start":{"line":25,"column":31},"end":{"line":28,"column":5}},"11":{"start":{"line":35,"column":28},"end":{"line":40,"column":8}},"12":{"start":{"line":36,"column":4},"end":{"line":39,"column":8}},"13":{"start":{"line":36,"column":31},"end":{"line":39,"column":5}},"14":{"start":{"line":46,"column":21},"end":{"line":54,"column":26}},"15":{"start":{"line":47,"column":21},"end":{"line":47,"column":29}},"16":{"start":{"line":48,"column":4},"end":{"line":51,"column":8}},"17":{"start":{"line":48,"column":33},"end":{"line":51,"column":5}},"18":{"start":{"line":52,"column":29},"end":{"line":52,"column":47}},"19":{"start":{"line":53,"column":4},"end":{"line":53,"column":45}},"20":{"start":{"line":60,"column":23},"end":{"line":78,"column":36}},"21":{"start":{"line":61,"column":4},"end":{"line":61,"column":28}},"22":{"start":{"line":63,"column":23},"end":{"line":66,"column":10}},"23":{"start":{"line":64,"column":6},"end":{"line":64,"column":22}},"24":{"start":{"line":65,"column":6},"end":{"line":65,"column":17}},"25":{"start":{"line":67,"column":4},"end":{"line":67,"column":27}},"26":{"start":{"line":69,"column":29},"end":{"line":69,"column":47}},"27":{"start":{"line":70,"column":4},"end":{"line":70,"column":45}},"28":{"start":{"line":71,"column":4},"end":{"line":77,"column":5}},"29":{"start":{"line":72,"column":6},"end":{"line":72,"column":28}},"30":{"start":{"line":73,"column":6},"end":{"line":76,"column":11}},"31":{"start":{"line":75,"column":10},"end":{"line":75,"column":33}},"32":{"start":{"line":83,"column":20},"end":{"line":88,"column":21}},"33":{"start":{"line":84,"column":4},"end":{"line":84,"column":29}},"34":{"start":{"line":85,"column":4},"end":{"line":85,"column":18}},"35":{"start":{"line":86,"column":4},"end":{"line":86,"column":19}},"36":{"start":{"line":87,"column":4},"end":{"line":87,"column":27}},"37":{"start":{"line":90,"column":2},"end":{"line":106,"column":4}},"38":{"start":{"line":105,"column":41},"end":{"line":105,"column":84}}},"fnMap":{"0":{"name":"(anonymous_0)","decl":{"start":{"line":11,"column":23},"end":{"line":11,"column":24}},"loc":{"start":{"line":11,"column":120},"end":{"line":107,"column":1}},"line":11},"1":{"name":"(anonymous_1)","decl":{"start":{"line":11,"column":57},"end":{"line":11,"column":58}},"loc":{"start":{"line":11,"column":64},"end":{"line":11,"column":93}},"line":11},"2":{"name":"(anonymous_2)","decl":{"start":{"line":11,"column":107},"end":{"line":11,"column":108}},"loc":{"start":{"line":11,"column":113},"end":{"line":11,"column":115}},"line":11},"3":{"name":"(anonymous_3)","decl":{"start":{"line":22,"column":35},"end":{"line":22,"column":36}},"loc":{"start":{"line":22,"column":42},"end":{"line":29,"column":3}},"line":22},"4":{"name":"(anonymous_4)","decl":{"start":{"line":25,"column":14},"end":{"line":25,"column":15}},"loc":{"start":{"line":25,"column":31},"end":{"line":28,"column":5}},"line":25},"5":{"name":"(anonymous_5)","decl":{"start":{"line":35,"column":40},"end":{"line":35,"column":41}},"loc":{"start":{"line":35,"column":55},"end":{"line":40,"column":3}},"line":35},"6":{"name":"(anonymous_6)","decl":{"start":{"line":36,"column":14},"end":{"line":36,"column":15}},"loc":{"start":{"line":36,"column":31},"end":{"line":39,"column":5}},"line":36},"7":{"name":"(anonymous_7)","decl":{"start":{"line":46,"column":33},"end":{"line":46,"column":34}},"loc":{"start":{"line":46,"column":40},"end":{"line":54,"column":3}},"line":46},"8":{"name":"(anonymous_8)","decl":{"start":{"line":48,"column":15},"end":{"line":48,"column":16}},"loc":{"start":{"line":48,"column":33},"end":{"line":51,"column":5}},"line":48},"9":{"name":"(anonymous_9)","decl":{"start":{"line":60,"column":35},"end":{"line":60,"column":36}},"loc":{"start":{"line":60,"column":42},"end":{"line":78,"column":3}},"line":60},"10":{"name":"(anonymous_10)","decl":{"start":{"line":63,"column":50},"end":{"line":63,"column":51}},"loc":{"start":{"line":63,"column":64},"end":{"line":66,"column":5}},"line":63},"11":{"name":"(anonymous_11)","decl":{"start":{"line":74,"column":17},"end":{"line":74,"column":18}},"loc":{"start":{"line":74,"column":23},"end":{"line":76,"column":9}},"line":74},"12":{"name":"(anonymous_12)","decl":{"start":{"line":83,"column":32},"end":{"line":83,"column":33}},"loc":{"start":{"line":83,"column":38},"end":{"line":88,"column":3}},"line":83},"13":{"name":"(anonymous_13)","decl":{"start":{"line":105,"column":26},"end":{"line":105,"column":27}},"loc":{"start":{"line":105,"column":41},"end":{"line":105,"column":84}},"line":105}},"branchMap":{"0":{"loc":{"start":{"line":11,"column":24},"end":{"line":11,"column":42}},"type":"default-arg","locations":[{"start":{"line":11,"column":40},"end":{"line":11,"column":42}}],"line":11},"1":{"loc":{"start":{"line":11,"column":44},"end":{"line":11,"column":94}},"type":"default-arg","locations":[{"start":{"line":11,"column":57},"end":{"line":11,"column":94}}],"line":11},"2":{"loc":{"start":{"line":11,"column":96},"end":{"line":11,"column":115}},"type":"default-arg","locations":[{"start":{"line":11,"column":107},"end":{"line":11,"column":115}}],"line":11},"3":{"loc":{"start":{"line":24,"column":23},"end":{"line":24,"column":60}},"type":"cond-expr","locations":[{"start":{"line":24,"column":45},"end":{"line":24,"column":52}},{"start":{"line":24,"column":55},"end":{"line":24,"column":60}}],"line":24},"4":{"loc":{"start":{"line":53,"column":14},"end":{"line":53,"column":43}},"type":"binary-expr","locations":[{"start":{"line":53,"column":14},"end":{"line":53,"column":37}},{"start":{"line":53,"column":41},"end":{"line":53,"column":43}}],"line":53},"5":{"loc":{"start":{"line":61,"column":4},"end":{"line":61,"column":27}},"type":"binary-expr","locations":[{"start":{"line":61,"column":4},"end":{"line":61,"column":5}},{"start":{"line":61,"column":9},"end":{"line":61,"column":27}}],"line":61},"6":{"loc":{"start":{"line":70,"column":14},"end":{"line":70,"column":43}},"type":"binary-expr","locations":[{"start":{"line":70,"column":14},"end":{"line":70,"column":37}},{"start":{"line":70,"column":41},"end":{"line":70,"column":43}}],"line":70},"7":{"loc":{"start":{"line":71,"column":4},"end":{"line":77,"column":5}},"type":"if","locations":[{"start":{"line":71,"column":4},"end":{"line":77,"column":5}},{"start":{},"end":{}}],"line":71},"8":{"loc":{"start":{"line":105,"column":44},"end":{"line":105,"column":83}},"type":"binary-expr","locations":[{"start":{"line":105,"column":44},"end":{"line":105,"column":61}},{"start":{"line":105,"column":65},"end":{"line":105,"column":83}}],"line":105}},"s":{"0":1,"1":0,"2":0,"3":0,"4":0,"5":0,"6":0,"7":0,"8":0,"9":0,"10":0,"11":0,"12":0,"13":0,"14":0,"15":0,"16":0,"17":0,"18":0,"19":0,"20":0,"21":0,"22":0,"23":0,"24":0,"25":0,"26":0,"27":0,"28":0,"29":0,"30":0,"31":0,"32":0,"33":0,"34":0,"35":0,"36":0,"37":0,"38":0},"f":{"0":0,"1":0,"2":0,"3":0,"4":0,"5":0,"6":0,"7":0,"8":0,"9":0,"10":0,"11":0,"12":0,"13":0},"b":{"0":[0],"1":[0],"2":[0],"3":[0,0],"4":[0,0],"5":[0,0],"6":[0,0],"7":[0,0],"8":[0,0]},"_coverageSchema":"1a1c01bbd47fc00a2c39e90264f33305004495a9","hash":"ad89baf039e4ca4a988d56def9b70bd19e2b63c4"}
,"I:\\Users\\timtr\\Documents\\GitHub\\GymTrackerWeb\\gym-progress-tracker\\frontend\\src\\services\\nutritionLogsService.js": {"path":"I:\\Users\\timtr\\Documents\\GitHub\\GymTrackerWeb\\gym-progress-tracker\\frontend\\src\\services\\nutritionLogsService.js","statementMap":{"0":{"start":{"line":8,"column":32},"end":{"line":17,"column":1}},"1":{"start":{"line":9,"column":2},"end":{"line":16,"column":3}},"2":{"start":{"line":10,"column":21},"end":{"line":10,"column":57}},"3":{"start":{"line":11,"column":4},"end":{"line":13,"column":5}},"4":{"start":{"line":12,"column":6},"end":{"line":12,"column":27}},"5":{"start":{"line":15,"column":4},"end":{"line":15,"column":59}},"6":{"start":{"line":25,"column":31},"end":{"line":33,"column":1}},"7":{"start":{"line":26,"column":2},"end":{"line":32,"column":3}},"8":{"start":{"line":27,"column":21},"end":{"line":27,"column":67}},"9":{"start":{"line":28,"column":4},"end":{"line":28,"column":25}},"10":{"start":{"line":30,"column":4},"end":{"line":30,"column":56}},"11":{"start":{"line":31,"column":4},"end":{"line":31,"column":16}},"12":{"start":{"line":41,"column":34},"end":{"line":49,"column":1}},"13":{"start":{"line":42,"column":2},"end":{"line":48,"column":3}},"14":{"start":{"line":43,"column":21},"end":{"line":43,"column":78}},"15":{"start":{"line":44,"column":4},"end":{"line":44,"column":25}},"16":{"start":{"line":46,"column":4},"end":{"line":46,"column":58}},"17":{"start":{"line":47,"column":4},"end":{"line":47,"column":16}}},"fnMap":{"0":{"name":"(anonymous_0)","decl":{"start":{"line":8,"column":32},"end":{"line":8,"column":33}},"loc":{"start":{"line":8,"column":44},"end":{"line":17,"column":1}},"line":8},"1":{"name":"(anonymous_1)","decl":{"start":{"line":25,"column":31},"end":{"line":25,"column":32}},"loc":{"start":{"line":25,"column":50},"end":{"line":33,"column":1}},"line":25},"2":{"name":"(anonymous_2)","decl":{"start":{"line":41,"column":34},"end":{"line":41,"column":35}},"loc":{"start":{"line":41,"column":60},"end":{"line":49,"column":1}},"line":41}},"branchMap":{"0":{"loc":{"start":{"line":11,"column":4},"end":{"line":13,"column":5}},"type":"if","locations":[{"start":{"line":11,"column":4},"end":{"line":13,"column":5}},{"start":{},"end":{}}],"line":11}},"s":{"0":1,"1":1,"2":1,"3":1,"4":1,"5":0,"6":1,"7":1,"8":1,"9":1,"10":0,"11":0,"12":1,"13":1,"14":1,"15":1,"16":0,"17":0},"f":{"0":1,"1":1,"2":1},"b":{"0":[1,0]},"_coverageSchema":"1a1c01bbd47fc00a2c39e90264f33305004495a9","hash":"6f928aec9b252374da4f450308481dd310a282f2"}
}
