TN:
SF:src\components\common\FormElements.jsx
FN:24,(anonymous_0)
FN:57,(anonymous_1)
FN:93,(anonymous_2)
FN:105,(anonymous_3)
FN:138,(anonymous_4)
FN:166,(anonymous_5)
FNF:6
FNH:1
FNDA:2,(anonymous_0)
FNDA:0,(anonymous_1)
FNDA:0,(anonymous_2)
FNDA:0,(anonymous_3)
FNDA:0,(anonymous_4)
FNDA:0,(anonymous_5)
DA:24,1
DA:25,2
DA:41,1
DA:57,1
DA:58,0
DA:75,1
DA:93,1
DA:94,0
DA:106,0
DA:117,1
DA:138,1
DA:139,0
DA:153,1
DA:166,1
DA:167,0
DA:181,1
LF:16
LH:11
BRDA:24,0,0,2
BRDA:27,1,0,2
BRDA:27,1,1,0
BRDA:32,2,0,1
BRDA:32,2,1,1
BRDA:35,3,0,2
BRDA:35,3,1,1
BRDA:57,4,0,0
BRDA:66,5,0,0
BRDA:66,5,1,0
BRDA:69,6,0,0
BRDA:69,6,1,0
BRDA:93,7,0,0
BRDA:96,8,0,0
BRDA:96,8,1,0
BRDA:101,9,0,0
BRDA:101,9,1,0
BRDA:104,10,0,0
BRDA:104,10,1,0
BRDA:111,11,0,0
BRDA:111,11,1,0
BRDA:177,12,0,0
BRDA:177,12,1,0
BRF:23
BRH:6
end_of_record
TN:
SF:src\components\features\exercises\ExerciseCategoryCard.jsx
FN:20,(anonymous_0)
FN:28,(anonymous_1)
FN:66,(anonymous_2)
FNF:3
FNH:3
FNDA:2,(anonymous_0)
FNDA:2,(anonymous_1)
FNDA:1,(anonymous_2)
DA:20,1
DA:28,2
DA:30,2
DA:62,2
DA:66,2
DA:67,1
DA:68,1
DA:71,2
DA:87,1
LF:9
LH:9
BRDA:25,0,0,2
BRDA:62,1,0,2
BRDA:62,1,1,0
BRF:3
BRH:2
end_of_record
TN:
SF:src\hooks\useAvatar.js
FN:9,(anonymous_0)
FN:19,(anonymous_1)
FN:38,(anonymous_2)
FN:62,(anonymous_3)
FN:106,(anonymous_4)
FN:122,(anonymous_5)
FN:151,(anonymous_6)
FNF:7
FNH:0
FNDA:0,(anonymous_0)
FNDA:0,(anonymous_1)
FNDA:0,(anonymous_2)
FNDA:0,(anonymous_3)
FNDA:0,(anonymous_4)
FNDA:0,(anonymous_5)
FNDA:0,(anonymous_6)
DA:9,1
DA:10,0
DA:11,0
DA:12,0
DA:13,0
DA:19,0
DA:20,0
DA:21,0
DA:22,0
DA:23,0
DA:24,0
DA:26,0
DA:27,0
DA:29,0
DA:38,0
DA:39,0
DA:40,0
DA:41,0
DA:42,0
DA:44,0
DA:45,0
DA:46,0
DA:48,0
DA:50,0
DA:51,0
DA:52,0
DA:54,0
DA:62,0
DA:63,0
DA:64,0
DA:66,0
DA:67,0
DA:70,0
DA:71,0
DA:72,0
DA:74,0
DA:75,0
DA:76,0
DA:77,0
DA:78,0
DA:79,0
DA:80,0
DA:81,0
DA:82,0
DA:83,0
DA:84,0
DA:87,0
DA:88,0
DA:89,0
DA:90,0
DA:91,0
DA:92,0
DA:94,0
DA:95,0
DA:97,0
DA:106,0
DA:107,0
DA:108,0
DA:109,0
DA:110,0
DA:112,0
DA:113,0
DA:115,0
DA:122,0
DA:123,0
DA:124,0
DA:127,0
DA:128,0
DA:129,0
DA:131,0
DA:132,0
DA:135,0
DA:136,0
DA:137,0
DA:140,0
DA:141,0
DA:143,0
DA:147,0
DA:151,0
DA:152,0
DA:155,0
LF:81
LH:1
BRDA:44,0,0,0
BRDA:44,0,1,0
BRDA:64,1,0,0
BRDA:64,1,1,0
BRDA:66,2,0,0
BRDA:66,2,1,0
BRDA:75,3,0,0
BRDA:75,3,1,0
BRDA:76,4,0,0
BRDA:76,4,1,0
BRDA:77,5,0,0
BRDA:77,5,1,0
BRDA:78,6,0,0
BRDA:78,6,1,0
BRDA:79,7,0,0
BRDA:79,7,1,0
BRDA:80,8,0,0
BRDA:80,8,1,0
BRDA:81,9,0,0
BRDA:81,9,1,0
BRDA:82,10,0,0
BRDA:82,10,1,0
BRDA:83,11,0,0
BRDA:83,11,1,0
BRDA:84,12,0,0
BRDA:84,12,1,0
BRDA:87,13,0,0
BRDA:87,13,1,0
BRDA:88,14,0,0
BRDA:88,14,1,0
BRDA:123,15,0,0
BRDA:123,15,1,0
BRDA:127,16,0,0
BRDA:127,16,1,0
BRDA:135,17,0,0
BRDA:135,17,1,0
BRDA:135,18,0,0
BRDA:135,18,1,0
BRF:38
BRH:0
end_of_record
TN:
SF:src\hooks\useForm.js
FN:11,(anonymous_0)
FN:11,(anonymous_1)
FN:11,(anonymous_2)
FN:22,(anonymous_3)
FN:25,(anonymous_4)
FN:35,(anonymous_5)
FN:36,(anonymous_6)
FN:46,(anonymous_7)
FN:48,(anonymous_8)
FN:60,(anonymous_9)
FN:63,(anonymous_10)
FN:74,(anonymous_11)
FN:83,(anonymous_12)
FN:105,(anonymous_13)
FNF:14
FNH:0
FNDA:0,(anonymous_0)
FNDA:0,(anonymous_1)
FNDA:0,(anonymous_2)
FNDA:0,(anonymous_3)
FNDA:0,(anonymous_4)
FNDA:0,(anonymous_5)
FNDA:0,(anonymous_6)
FNDA:0,(anonymous_7)
FNDA:0,(anonymous_8)
FNDA:0,(anonymous_9)
FNDA:0,(anonymous_10)
FNDA:0,(anonymous_11)
FNDA:0,(anonymous_12)
FNDA:0,(anonymous_13)
DA:11,1
DA:13,0
DA:14,0
DA:15,0
DA:16,0
DA:22,0
DA:23,0
DA:24,0
DA:25,0
DA:35,0
DA:36,0
DA:46,0
DA:47,0
DA:48,0
DA:52,0
DA:53,0
DA:60,0
DA:61,0
DA:63,0
DA:64,0
DA:65,0
DA:67,0
DA:69,0
DA:70,0
DA:71,0
DA:72,0
DA:73,0
DA:75,0
DA:83,0
DA:84,0
DA:85,0
DA:86,0
DA:87,0
DA:90,0
DA:105,0
LF:35
LH:1
BRDA:11,0,0,0
BRDA:11,1,0,0
BRDA:11,2,0,0
BRDA:24,3,0,0
BRDA:24,3,1,0
BRDA:53,4,0,0
BRDA:53,4,1,0
BRDA:61,5,0,0
BRDA:61,5,1,0
BRDA:70,6,0,0
BRDA:70,6,1,0
BRDA:71,7,0,0
BRDA:71,7,1,0
BRDA:105,8,0,0
BRDA:105,8,1,0
BRF:15
BRH:0
end_of_record
TN:
SF:src\services\nutritionLogsService.js
FN:8,(anonymous_0)
FN:25,(anonymous_1)
FN:41,(anonymous_2)
FNF:3
FNH:3
FNDA:1,(anonymous_0)
FNDA:1,(anonymous_1)
FNDA:1,(anonymous_2)
DA:8,1
DA:9,1
DA:10,1
DA:11,1
DA:12,1
DA:15,0
DA:25,1
DA:26,1
DA:27,1
DA:28,1
DA:30,0
DA:31,0
DA:41,1
DA:42,1
DA:43,1
DA:44,1
DA:46,0
DA:47,0
LF:18
LH:13
BRDA:11,0,0,1
BRDA:11,0,1,0
BRF:2
BRH:1
end_of_record
